<?xml version="1.0" encoding="UTF-8"?>
<testng-results skipped="0" failed="0" total="1" passed="1">
  <reporter-output>
  </reporter-output>
  <suite name="Suite" duration-ms="168" started-at="2017-03-05T08:25:42Z" finished-at="2017-03-05T08:25:42Z">
    <groups>
    </groups>
    <test name="Test" duration-ms="168" started-at="2017-03-05T08:25:42Z" finished-at="2017-03-05T08:25:42Z">
      <class name="Demo.Sele.AppTest">
        <test-method status="PASS" signature="testApp()[pri:0, instance:Demo.Sele.AppTest@4501b7af]" name="testApp" duration-ms="89" started-at="2017-03-05T13:55:42Z" finished-at="2017-03-05T13:55:42Z">
          <reporter-output>
          </reporter-output>
        </test-method> <!-- testApp -->
      </class> <!-- Demo.Sele.AppTest -->
    </test> <!-- Test -->
  </suite> <!-- Suite -->
</testng-results>
